2022-03-14 19:59:13.615 INFO  15392 --- [restartedMain] com.xxxx.miniodemo.MiniodemoApplication - Starting MiniodemoApplication using Java 1.8.0_191 on DESKTOP-MDQGRCS with PID 15392 (D:\javaWorkSpace\miniodemo\target\classes started by chen in D:\javaWorkSpace\miniodemo)
2022-03-14 19:59:13.617 INFO  15392 --- [restartedMain] com.xxxx.miniodemo.MiniodemoApplication - No active profile set, falling back to 1 default profile: "default"
2022-03-14 19:59:13.660 INFO  15392 --- [restartedMain] o.s.b.d.env.DevToolsPropertyDefaultsPostProcessor - Devtools property defaults active! Set 'spring.devtools.add-properties' to 'false' to disable
2022-03-14 19:59:13.660 INFO  15392 --- [restartedMain] o.s.b.d.env.DevToolsPropertyDefaultsPostProcessor - For additional web related logging consider setting the 'logging.level.web' property to 'DEBUG'
2022-03-14 19:59:14.345 INFO  15392 --- [restartedMain] o.s.boot.web.embedded.tomcat.TomcatWebServer - Tomcat initialized with port(s): 8080 (http)
2022-03-14 19:59:14.352 INFO  15392 --- [restartedMain] org.apache.coyote.http11.Http11NioProtocol - Initializing ProtocolHandler ["http-nio-8080"]
2022-03-14 19:59:14.352 INFO  15392 --- [restartedMain] org.apache.catalina.core.StandardService - Starting service [Tomcat]
2022-03-14 19:59:14.352 INFO  15392 --- [restartedMain] org.apache.catalina.core.StandardEngine - Starting Servlet engine: [Apache Tomcat/9.0.58]
2022-03-14 19:59:14.405 INFO  15392 --- [restartedMain] o.a.c.core.ContainerBase.[Tomcat].[localhost].[/] - Initializing Spring embedded WebApplicationContext
2022-03-14 19:59:14.405 INFO  15392 --- [restartedMain] o.s.b.w.s.c.ServletWebServerApplicationContext - Root WebApplicationContext: initialization completed in 731 ms
2022-03-14 19:59:14.893 INFO  15392 --- [restartedMain] o.s.b.d.autoconfigure.OptionalLiveReloadServer - LiveReload server is running on port 35729
2022-03-14 19:59:14.903 INFO  15392 --- [restartedMain] org.apache.coyote.http11.Http11NioProtocol - Starting ProtocolHandler ["http-nio-8080"]
2022-03-14 19:59:14.916 INFO  15392 --- [restartedMain] o.s.boot.web.embedded.tomcat.TomcatWebServer - Tomcat started on port(s): 8080 (http) with context path ''
2022-03-14 19:59:14.923 INFO  15392 --- [restartedMain] com.xxxx.miniodemo.MiniodemoApplication - Started MiniodemoApplication in 1.594 seconds (JVM running for 2.328)
2022-03-14 20:00:37.860 INFO  10356 --- [restartedMain] com.xxxx.miniodemo.MiniodemoApplication - Starting MiniodemoApplication using Java 1.8.0_191 on DESKTOP-MDQGRCS with PID 10356 (D:\javaWorkSpace\miniodemo\target\classes started by chen in D:\javaWorkSpace\miniodemo)
2022-03-14 20:00:37.862 INFO  10356 --- [restartedMain] com.xxxx.miniodemo.MiniodemoApplication - No active profile set, falling back to 1 default profile: "default"
2022-03-14 20:00:37.906 INFO  10356 --- [restartedMain] o.s.b.d.env.DevToolsPropertyDefaultsPostProcessor - Devtools property defaults active! Set 'spring.devtools.add-properties' to 'false' to disable
2022-03-14 20:00:37.906 INFO  10356 --- [restartedMain] o.s.b.d.env.DevToolsPropertyDefaultsPostProcessor - For additional web related logging consider setting the 'logging.level.web' property to 'DEBUG'
2022-03-14 20:00:38.566 INFO  10356 --- [restartedMain] o.s.boot.web.embedded.tomcat.TomcatWebServer - Tomcat initialized with port(s): 8080 (http)
2022-03-14 20:00:38.572 INFO  10356 --- [restartedMain] org.apache.coyote.http11.Http11NioProtocol - Initializing ProtocolHandler ["http-nio-8080"]
2022-03-14 20:00:38.573 INFO  10356 --- [restartedMain] org.apache.catalina.core.StandardService - Starting service [Tomcat]
2022-03-14 20:00:38.573 INFO  10356 --- [restartedMain] org.apache.catalina.core.StandardEngine - Starting Servlet engine: [Apache Tomcat/9.0.58]
2022-03-14 20:00:38.629 INFO  10356 --- [restartedMain] o.a.c.core.ContainerBase.[Tomcat].[localhost].[/] - Initializing Spring embedded WebApplicationContext
2022-03-14 20:00:38.629 INFO  10356 --- [restartedMain] o.s.b.w.s.c.ServletWebServerApplicationContext - Root WebApplicationContext: initialization completed in 723 ms
2022-03-14 20:00:39.130 INFO  10356 --- [restartedMain] o.s.b.d.autoconfigure.OptionalLiveReloadServer - LiveReload server is running on port 35729
2022-03-14 20:00:39.139 INFO  10356 --- [restartedMain] org.apache.coyote.http11.Http11NioProtocol - Starting ProtocolHandler ["http-nio-8080"]
2022-03-14 20:00:39.151 INFO  10356 --- [restartedMain] o.s.boot.web.embedded.tomcat.TomcatWebServer - Tomcat started on port(s): 8080 (http) with context path ''
2022-03-14 20:00:39.195 INFO  10356 --- [restartedMain] com.xxxx.miniodemo.MiniodemoApplication - Started MiniodemoApplication in 1.63 seconds (JVM running for 2.503)
2022-03-14 20:01:25.607 INFO  2760 --- [restartedMain] com.xxxx.miniodemo.MiniodemoApplication - Starting MiniodemoApplication using Java 1.8.0_191 on DESKTOP-MDQGRCS with PID 2760 (D:\javaWorkSpace\miniodemo\target\classes started by chen in D:\javaWorkSpace\miniodemo)
2022-03-14 20:01:25.610 INFO  2760 --- [restartedMain] com.xxxx.miniodemo.MiniodemoApplication - No active profile set, falling back to 1 default profile: "default"
2022-03-14 20:01:25.653 INFO  2760 --- [restartedMain] o.s.b.d.env.DevToolsPropertyDefaultsPostProcessor - Devtools property defaults active! Set 'spring.devtools.add-properties' to 'false' to disable
2022-03-14 20:01:25.653 INFO  2760 --- [restartedMain] o.s.b.d.env.DevToolsPropertyDefaultsPostProcessor - For additional web related logging consider setting the 'logging.level.web' property to 'DEBUG'
2022-03-14 20:01:26.270 INFO  2760 --- [restartedMain] o.s.boot.web.embedded.tomcat.TomcatWebServer - Tomcat initialized with port(s): 8080 (http)
2022-03-14 20:01:26.276 INFO  2760 --- [restartedMain] org.apache.coyote.http11.Http11NioProtocol - Initializing ProtocolHandler ["http-nio-8080"]
2022-03-14 20:01:26.277 INFO  2760 --- [restartedMain] org.apache.catalina.core.StandardService - Starting service [Tomcat]
2022-03-14 20:01:26.277 INFO  2760 --- [restartedMain] org.apache.catalina.core.StandardEngine - Starting Servlet engine: [Apache Tomcat/9.0.58]
2022-03-14 20:01:26.325 INFO  2760 --- [restartedMain] o.a.c.core.ContainerBase.[Tomcat].[localhost].[/] - Initializing Spring embedded WebApplicationContext
2022-03-14 20:01:26.325 INFO  2760 --- [restartedMain] o.s.b.w.s.c.ServletWebServerApplicationContext - Root WebApplicationContext: initialization completed in 672 ms
2022-03-14 20:01:26.832 INFO  2760 --- [restartedMain] o.s.b.d.autoconfigure.OptionalLiveReloadServer - LiveReload server is running on port 35729
2022-03-14 20:01:26.843 INFO  2760 --- [restartedMain] org.apache.coyote.http11.Http11NioProtocol - Starting ProtocolHandler ["http-nio-8080"]
2022-03-14 20:01:26.856 INFO  2760 --- [restartedMain] o.s.boot.web.embedded.tomcat.TomcatWebServer - Tomcat started on port(s): 8080 (http) with context path ''
2022-03-14 20:01:26.905 INFO  2760 --- [restartedMain] com.xxxx.miniodemo.MiniodemoApplication - Started MiniodemoApplication in 1.562 seconds (JVM running for 2.25)
2022-03-14 20:03:09.478 INFO  2760 --- [http-nio-8080-exec-1] o.a.c.core.ContainerBase.[Tomcat].[localhost].[/] - Initializing Spring DispatcherServlet 'dispatcherServlet'
2022-03-14 20:03:09.478 INFO  2760 --- [http-nio-8080-exec-1] org.springframework.web.servlet.DispatcherServlet - Initializing Servlet 'dispatcherServlet'
2022-03-14 20:03:09.479 INFO  2760 --- [http-nio-8080-exec-1] org.springframework.web.servlet.DispatcherServlet - Completed initialization in 1 ms
2022-03-14 20:03:56.947 INFO  2760 --- [restartedMain] com.xxxx.miniodemo.MiniodemoApplication - Starting MiniodemoApplication using Java 1.8.0_191 on DESKTOP-MDQGRCS with PID 2760 (D:\javaWorkSpace\miniodemo\target\classes started by chen in D:\javaWorkSpace\miniodemo)
2022-03-14 20:03:56.947 INFO  2760 --- [restartedMain] com.xxxx.miniodemo.MiniodemoApplication - No active profile set, falling back to 1 default profile: "default"
2022-03-14 20:03:57.082 INFO  2760 --- [restartedMain] o.s.boot.web.embedded.tomcat.TomcatWebServer - Tomcat initialized with port(s): 8080 (http)
2022-03-14 20:03:57.083 INFO  2760 --- [restartedMain] org.apache.coyote.http11.Http11NioProtocol - Initializing ProtocolHandler ["http-nio-8080"]
2022-03-14 20:03:57.083 INFO  2760 --- [restartedMain] org.apache.catalina.core.StandardService - Starting service [Tomcat]
2022-03-14 20:03:57.083 INFO  2760 --- [restartedMain] org.apache.catalina.core.StandardEngine - Starting Servlet engine: [Apache Tomcat/9.0.58]
2022-03-14 20:03:57.102 INFO  2760 --- [restartedMain] o.a.c.core.ContainerBase.[Tomcat].[localhost].[/] - Initializing Spring embedded WebApplicationContext
2022-03-14 20:03:57.102 INFO  2760 --- [restartedMain] o.s.b.w.s.c.ServletWebServerApplicationContext - Root WebApplicationContext: initialization completed in 153 ms
2022-03-14 20:03:57.157 INFO  2760 --- [restartedMain] o.s.b.d.autoconfigure.OptionalLiveReloadServer - LiveReload server is running on port 35729
2022-03-14 20:03:57.161 INFO  2760 --- [restartedMain] org.apache.coyote.http11.Http11NioProtocol - Starting ProtocolHandler ["http-nio-8080"]
2022-03-14 20:03:57.163 INFO  2760 --- [restartedMain] o.s.boot.web.embedded.tomcat.TomcatWebServer - Tomcat started on port(s): 8080 (http) with context path ''
2022-03-14 20:03:57.166 INFO  2760 --- [restartedMain] com.xxxx.miniodemo.MiniodemoApplication - Started MiniodemoApplication in 0.244 seconds (JVM running for 152.511)
2022-03-14 20:03:57.169 INFO  2760 --- [restartedMain] o.s.b.d.a.ConditionEvaluationDeltaLoggingListener - Condition evaluation unchanged
2022-03-14 20:03:58.808 INFO  2760 --- [restartedMain] com.xxxx.miniodemo.MiniodemoApplication - Starting MiniodemoApplication using Java 1.8.0_191 on DESKTOP-MDQGRCS with PID 2760 (D:\javaWorkSpace\miniodemo\target\classes started by chen in D:\javaWorkSpace\miniodemo)
2022-03-14 20:03:58.809 INFO  2760 --- [restartedMain] com.xxxx.miniodemo.MiniodemoApplication - No active profile set, falling back to 1 default profile: "default"
2022-03-14 20:03:58.909 INFO  2760 --- [restartedMain] o.s.boot.web.embedded.tomcat.TomcatWebServer - Tomcat initialized with port(s): 8080 (http)
2022-03-14 20:03:58.910 INFO  2760 --- [restartedMain] org.apache.coyote.http11.Http11NioProtocol - Initializing ProtocolHandler ["http-nio-8080"]
2022-03-14 20:03:58.910 INFO  2760 --- [restartedMain] org.apache.catalina.core.StandardService - Starting service [Tomcat]
2022-03-14 20:03:58.910 INFO  2760 --- [restartedMain] org.apache.catalina.core.StandardEngine - Starting Servlet engine: [Apache Tomcat/9.0.58]
2022-03-14 20:03:58.918 INFO  2760 --- [restartedMain] o.a.c.core.ContainerBase.[Tomcat].[localhost].[/] - Initializing Spring embedded WebApplicationContext
2022-03-14 20:03:58.918 INFO  2760 --- [restartedMain] o.s.b.w.s.c.ServletWebServerApplicationContext - Root WebApplicationContext: initialization completed in 108 ms
2022-03-14 20:03:58.961 INFO  2760 --- [restartedMain] o.s.b.d.autoconfigure.OptionalLiveReloadServer - LiveReload server is running on port 35729
2022-03-14 20:03:58.964 INFO  2760 --- [restartedMain] org.apache.coyote.http11.Http11NioProtocol - Starting ProtocolHandler ["http-nio-8080"]
2022-03-14 20:03:58.966 INFO  2760 --- [restartedMain] o.s.boot.web.embedded.tomcat.TomcatWebServer - Tomcat started on port(s): 8080 (http) with context path ''
2022-03-14 20:03:58.968 INFO  2760 --- [restartedMain] com.xxxx.miniodemo.MiniodemoApplication - Started MiniodemoApplication in 0.181 seconds (JVM running for 154.313)
2022-03-14 20:03:58.970 INFO  2760 --- [restartedMain] o.s.b.d.a.ConditionEvaluationDeltaLoggingListener - Condition evaluation unchanged
2022-03-14 20:04:03.733 INFO  2760 --- [http-nio-8080-exec-1] o.a.c.core.ContainerBase.[Tomcat].[localhost].[/] - Initializing Spring DispatcherServlet 'dispatcherServlet'
2022-03-14 20:04:03.735 INFO  2760 --- [http-nio-8080-exec-1] org.springframework.web.servlet.DispatcherServlet - Initializing Servlet 'dispatcherServlet'
2022-03-14 20:04:03.736 INFO  2760 --- [http-nio-8080-exec-1] org.springframework.web.servlet.DispatcherServlet - Completed initialization in 1 ms
2022-03-14 20:04:03.739 INFO  2760 --- [http-nio-8080-exec-1] com.xxxx.miniodemo.controller.IndexController - this is a test info!!!
2022-03-14 20:04:12.613 INFO  2760 --- [http-nio-8080-exec-2] com.xxxx.miniodemo.controller.IndexController - this is a test info!!!
2022-03-14 20:04:13.326 INFO  2760 --- [http-nio-8080-exec-3] com.xxxx.miniodemo.controller.IndexController - this is a test info!!!
2022-03-14 20:04:13.462 INFO  2760 --- [http-nio-8080-exec-5] com.xxxx.miniodemo.controller.IndexController - this is a test info!!!
2022-03-14 20:04:13.590 INFO  2760 --- [http-nio-8080-exec-4] com.xxxx.miniodemo.controller.IndexController - this is a test info!!!
2022-03-14 20:04:13.735 INFO  2760 --- [http-nio-8080-exec-6] com.xxxx.miniodemo.controller.IndexController - this is a test info!!!
2022-03-14 20:04:13.878 INFO  2760 --- [http-nio-8080-exec-7] com.xxxx.miniodemo.controller.IndexController - this is a test info!!!
2022-03-14 20:04:14.006 INFO  2760 --- [http-nio-8080-exec-8] com.xxxx.miniodemo.controller.IndexController - this is a test info!!!
