2022-03-21 20:39:38.845 INFO  13232 --- [restartedMain] com.xxxx.miniodemo.MiniodemoApplication - Starting MiniodemoApplication using Java 1.8.0_191 on DESKTOP-MDQGRCS with PID 13232 (D:\javaWorkSpace\miniodemo\target\classes started by chen in D:\javaWorkSpace\miniodemo)
2022-03-21 20:39:38.856 INFO  13232 --- [restartedMain] com.xxxx.miniodemo.MiniodemoApplication - No active profile set, falling back to 1 default profile: "default"
2022-03-21 20:39:39.047 INFO  13232 --- [restartedMain] o.s.b.d.env.DevToolsPropertyDefaultsPostProcessor - Devtools property defaults active! Set 'spring.devtools.add-properties' to 'false' to disable
2022-03-21 20:39:39.047 INFO  13232 --- [restartedMain] o.s.b.d.env.DevToolsPropertyDefaultsPostProcessor - For additional web related logging consider setting the 'logging.level.web' property to 'DEBUG'
2022-03-21 20:39:40.142 INFO  13232 --- [restartedMain] o.s.boot.web.embedded.tomcat.TomcatWebServer - Tomcat initialized with port(s): 8080 (http)
2022-03-21 20:39:40.147 INFO  13232 --- [restartedMain] org.apache.coyote.http11.Http11NioProtocol - Initializing ProtocolHandler ["http-nio-8080"]
2022-03-21 20:39:40.148 INFO  13232 --- [restartedMain] org.apache.catalina.core.StandardService - Starting service [Tomcat]
2022-03-21 20:39:40.148 INFO  13232 --- [restartedMain] org.apache.catalina.core.StandardEngine - Starting Servlet engine: [Apache Tomcat/9.0.58]
2022-03-21 20:39:40.229 INFO  13232 --- [restartedMain] o.a.c.core.ContainerBase.[Tomcat].[localhost].[/] - Initializing Spring embedded WebApplicationContext
2022-03-21 20:39:40.230 INFO  13232 --- [restartedMain] o.s.b.w.s.c.ServletWebServerApplicationContext - Root WebApplicationContext: initialization completed in 1177 ms
2022-03-21 20:39:40.947 INFO  13232 --- [restartedMain] o.s.b.d.autoconfigure.OptionalLiveReloadServer - LiveReload server is running on port 35729
2022-03-21 20:39:40.957 INFO  13232 --- [restartedMain] org.apache.coyote.http11.Http11NioProtocol - Starting ProtocolHandler ["http-nio-8080"]
2022-03-21 20:39:40.971 INFO  13232 --- [restartedMain] o.s.boot.web.embedded.tomcat.TomcatWebServer - Tomcat started on port(s): 8080 (http) with context path ''
2022-03-21 20:39:40.979 INFO  13232 --- [restartedMain] com.xxxx.miniodemo.MiniodemoApplication - Started MiniodemoApplication in 2.662 seconds (JVM running for 3.744)
2022-03-21 20:43:10.859 INFO  13232 --- [http-nio-8080-exec-2] o.a.c.core.ContainerBase.[Tomcat].[localhost].[/] - Initializing Spring DispatcherServlet 'dispatcherServlet'
2022-03-21 20:43:10.859 INFO  13232 --- [http-nio-8080-exec-2] org.springframework.web.servlet.DispatcherServlet - Initializing Servlet 'dispatcherServlet'
2022-03-21 20:43:10.860 INFO  13232 --- [http-nio-8080-exec-2] org.springframework.web.servlet.DispatcherServlet - Completed initialization in 1 ms
2022-03-21 20:44:37.782 INFO  12956 --- [restartedMain] com.xxxx.miniodemo.MiniodemoApplication - Starting MiniodemoApplication using Java 1.8.0_191 on DESKTOP-MDQGRCS with PID 12956 (D:\javaWorkSpace\miniodemo\target\classes started by chen in D:\javaWorkSpace\miniodemo)
2022-03-21 20:44:37.785 INFO  12956 --- [restartedMain] com.xxxx.miniodemo.MiniodemoApplication - No active profile set, falling back to 1 default profile: "default"
2022-03-21 20:44:37.838 INFO  12956 --- [restartedMain] o.s.b.d.env.DevToolsPropertyDefaultsPostProcessor - Devtools property defaults active! Set 'spring.devtools.add-properties' to 'false' to disable
2022-03-21 20:44:37.838 INFO  12956 --- [restartedMain] o.s.b.d.env.DevToolsPropertyDefaultsPostProcessor - For additional web related logging consider setting the 'logging.level.web' property to 'DEBUG'
2022-03-21 20:44:38.461 INFO  12956 --- [restartedMain] o.s.boot.web.embedded.tomcat.TomcatWebServer - Tomcat initialized with port(s): 8080 (http)
2022-03-21 20:44:38.470 INFO  12956 --- [restartedMain] org.apache.coyote.http11.Http11NioProtocol - Initializing ProtocolHandler ["http-nio-8080"]
2022-03-21 20:44:38.470 INFO  12956 --- [restartedMain] org.apache.catalina.core.StandardService - Starting service [Tomcat]
2022-03-21 20:44:38.471 INFO  12956 --- [restartedMain] org.apache.catalina.core.StandardEngine - Starting Servlet engine: [Apache Tomcat/9.0.58]
2022-03-21 20:44:38.522 INFO  12956 --- [restartedMain] o.a.c.core.ContainerBase.[Tomcat].[localhost].[/] - Initializing Spring embedded WebApplicationContext
2022-03-21 20:44:38.522 INFO  12956 --- [restartedMain] o.s.b.w.s.c.ServletWebServerApplicationContext - Root WebApplicationContext: initialization completed in 684 ms
2022-03-21 20:44:39.034 INFO  12956 --- [restartedMain] o.s.b.d.autoconfigure.OptionalLiveReloadServer - LiveReload server is running on port 35729
2022-03-21 20:44:39.043 INFO  12956 --- [restartedMain] org.apache.coyote.http11.Http11NioProtocol - Starting ProtocolHandler ["http-nio-8080"]
2022-03-21 20:44:39.056 INFO  12956 --- [restartedMain] o.s.boot.web.embedded.tomcat.TomcatWebServer - Tomcat started on port(s): 8080 (http) with context path ''
2022-03-21 20:44:39.101 INFO  12956 --- [restartedMain] com.xxxx.miniodemo.MiniodemoApplication - Started MiniodemoApplication in 1.587 seconds (JVM running for 2.304)
2022-03-21 20:44:49.332 INFO  12956 --- [http-nio-8080-exec-4] o.a.c.core.ContainerBase.[Tomcat].[localhost].[/] - Initializing Spring DispatcherServlet 'dispatcherServlet'
2022-03-21 20:44:49.332 INFO  12956 --- [http-nio-8080-exec-4] org.springframework.web.servlet.DispatcherServlet - Initializing Servlet 'dispatcherServlet'
2022-03-21 20:44:49.332 INFO  12956 --- [http-nio-8080-exec-4] org.springframework.web.servlet.DispatcherServlet - Completed initialization in 0 ms
2022-03-21 20:45:12.048 INFO  6196 --- [restartedMain] com.xxxx.miniodemo.MiniodemoApplication - Starting MiniodemoApplication using Java 1.8.0_191 on DESKTOP-MDQGRCS with PID 6196 (D:\javaWorkSpace\miniodemo\target\classes started by chen in D:\javaWorkSpace\miniodemo)
2022-03-21 20:45:12.050 INFO  6196 --- [restartedMain] com.xxxx.miniodemo.MiniodemoApplication - No active profile set, falling back to 1 default profile: "default"
2022-03-21 20:45:12.091 INFO  6196 --- [restartedMain] o.s.b.d.env.DevToolsPropertyDefaultsPostProcessor - Devtools property defaults active! Set 'spring.devtools.add-properties' to 'false' to disable
2022-03-21 20:45:12.091 INFO  6196 --- [restartedMain] o.s.b.d.env.DevToolsPropertyDefaultsPostProcessor - For additional web related logging consider setting the 'logging.level.web' property to 'DEBUG'
2022-03-21 20:45:12.684 INFO  6196 --- [restartedMain] o.s.boot.web.embedded.tomcat.TomcatWebServer - Tomcat initialized with port(s): 8080 (http)
2022-03-21 20:45:12.690 INFO  6196 --- [restartedMain] org.apache.coyote.http11.Http11NioProtocol - Initializing ProtocolHandler ["http-nio-8080"]
2022-03-21 20:45:12.691 INFO  6196 --- [restartedMain] org.apache.catalina.core.StandardService - Starting service [Tomcat]
2022-03-21 20:45:12.691 INFO  6196 --- [restartedMain] org.apache.catalina.core.StandardEngine - Starting Servlet engine: [Apache Tomcat/9.0.58]
2022-03-21 20:45:12.742 INFO  6196 --- [restartedMain] o.a.c.core.ContainerBase.[Tomcat].[localhost].[/] - Initializing Spring embedded WebApplicationContext
2022-03-21 20:45:12.742 INFO  6196 --- [restartedMain] o.s.b.w.s.c.ServletWebServerApplicationContext - Root WebApplicationContext: initialization completed in 651 ms
2022-03-21 20:45:13.235 INFO  6196 --- [restartedMain] o.s.b.d.autoconfigure.OptionalLiveReloadServer - LiveReload server is running on port 35729
2022-03-21 20:45:13.245 INFO  6196 --- [restartedMain] org.apache.coyote.http11.Http11NioProtocol - Starting ProtocolHandler ["http-nio-8080"]
2022-03-21 20:45:13.257 INFO  6196 --- [restartedMain] o.s.boot.web.embedded.tomcat.TomcatWebServer - Tomcat started on port(s): 8080 (http) with context path ''
2022-03-21 20:45:13.264 INFO  6196 --- [restartedMain] com.xxxx.miniodemo.MiniodemoApplication - Started MiniodemoApplication in 1.485 seconds (JVM running for 2.193)
2022-03-21 20:45:21.512 INFO  6196 --- [http-nio-8080-exec-1] o.a.c.core.ContainerBase.[Tomcat].[localhost].[/] - Initializing Spring DispatcherServlet 'dispatcherServlet'
2022-03-21 20:45:21.513 INFO  6196 --- [http-nio-8080-exec-1] org.springframework.web.servlet.DispatcherServlet - Initializing Servlet 'dispatcherServlet'
2022-03-21 20:45:21.513 INFO  6196 --- [http-nio-8080-exec-1] org.springframework.web.servlet.DispatcherServlet - Completed initialization in 0 ms
2022-03-21 20:45:37.493 INFO  8776 --- [restartedMain] com.xxxx.miniodemo.MiniodemoApplication - Starting MiniodemoApplication using Java 1.8.0_191 on DESKTOP-MDQGRCS with PID 8776 (D:\javaWorkSpace\miniodemo\target\classes started by chen in D:\javaWorkSpace\miniodemo)
2022-03-21 20:45:37.495 INFO  8776 --- [restartedMain] com.xxxx.miniodemo.MiniodemoApplication - No active profile set, falling back to 1 default profile: "default"
2022-03-21 20:45:37.533 INFO  8776 --- [restartedMain] o.s.b.d.env.DevToolsPropertyDefaultsPostProcessor - Devtools property defaults active! Set 'spring.devtools.add-properties' to 'false' to disable
2022-03-21 20:45:37.534 INFO  8776 --- [restartedMain] o.s.b.d.env.DevToolsPropertyDefaultsPostProcessor - For additional web related logging consider setting the 'logging.level.web' property to 'DEBUG'
2022-03-21 20:45:38.128 INFO  8776 --- [restartedMain] o.s.boot.web.embedded.tomcat.TomcatWebServer - Tomcat initialized with port(s): 8080 (http)
2022-03-21 20:45:38.133 INFO  8776 --- [restartedMain] org.apache.coyote.http11.Http11NioProtocol - Initializing ProtocolHandler ["http-nio-8080"]
2022-03-21 20:45:38.134 INFO  8776 --- [restartedMain] org.apache.catalina.core.StandardService - Starting service [Tomcat]
2022-03-21 20:45:38.134 INFO  8776 --- [restartedMain] org.apache.catalina.core.StandardEngine - Starting Servlet engine: [Apache Tomcat/9.0.58]
2022-03-21 20:45:38.185 INFO  8776 --- [restartedMain] o.a.c.core.ContainerBase.[Tomcat].[localhost].[/] - Initializing Spring embedded WebApplicationContext
2022-03-21 20:45:38.185 INFO  8776 --- [restartedMain] o.s.b.w.s.c.ServletWebServerApplicationContext - Root WebApplicationContext: initialization completed in 651 ms
2022-03-21 20:45:38.686 INFO  8776 --- [restartedMain] o.s.b.d.autoconfigure.OptionalLiveReloadServer - LiveReload server is running on port 35729
2022-03-21 20:45:38.695 INFO  8776 --- [restartedMain] org.apache.coyote.http11.Http11NioProtocol - Starting ProtocolHandler ["http-nio-8080"]
2022-03-21 20:45:38.707 INFO  8776 --- [restartedMain] o.s.boot.web.embedded.tomcat.TomcatWebServer - Tomcat started on port(s): 8080 (http) with context path ''
2022-03-21 20:45:38.746 INFO  8776 --- [restartedMain] com.xxxx.miniodemo.MiniodemoApplication - Started MiniodemoApplication in 1.519 seconds (JVM running for 2.245)
2022-03-21 20:45:45.491 INFO  8776 --- [http-nio-8080-exec-1] o.a.c.core.ContainerBase.[Tomcat].[localhost].[/] - Initializing Spring DispatcherServlet 'dispatcherServlet'
2022-03-21 20:45:45.491 INFO  8776 --- [http-nio-8080-exec-1] org.springframework.web.servlet.DispatcherServlet - Initializing Servlet 'dispatcherServlet'
2022-03-21 20:45:45.492 INFO  8776 --- [http-nio-8080-exec-1] org.springframework.web.servlet.DispatcherServlet - Completed initialization in 1 ms
